<?xml version="1.0" encoding="UTF-8"?>
<!-- Generated by org.testng.reporters.JUnitReportReporter -->
<testsuite skipped="1" hostname="DESKTOP-8ETPM1B" name="TestNg_Demo.Basics1" tests="4" failures="0" timestamp="2020-04-17T13:43:46 IST" time="0.007" errors="0">
  <testcase name="staff" time="0.002" classname="TestNg_Demo.Basics1"/>
  <system-out/>
  <testcase name="Teacher1" time="0.003" classname="TestNg_Demo.Basics1"/>
  <system-out/>
  <testcase name="Teacher2" time="0.002" classname="TestNg_Demo.Basics1"/>
  <system-out/>
  <testcase name="owner" classname="TestNg_Demo.Basics1">
    <skipped/>
  </testcase> <!-- owner -->
  <system-out/>
</testsuite> <!-- TestNg_Demo.Basics1 -->
