<?xml version="1.0" encoding="UTF-8"?>
<!-- Generated by org.testng.reporters.JUnitReportReporter -->
<testsuite skipped="0" hostname="DESKTOP-8ETPM1B" name="TestNg_Demo.Basics3" tests="4" failures="0" timestamp="2020-04-17T13:43:46 IST" time="0.017" errors="0">
  <testcase name="Vicechairman" time="0.008" classname="TestNg_Demo.Basics3"/>
  <system-out/>
  <testcase name="Vicechairman" time="0.003" classname="TestNg_Demo.Basics3"/>
  <system-out/>
  <testcase name="chairman" time="0.001" classname="TestNg_Demo.Basics3"/>
  <system-out/>
  <testcase name="Vicechairman" time="0.005" classname="TestNg_Demo.Basics3"/>
  <system-out/>
</testsuite> <!-- TestNg_Demo.Basics3 -->
