<?xml version="1.0" encoding="UTF-8"?>
<!-- Generated by org.testng.reporters.JUnitReportReporter -->
<testsuite skipped="0" hostname="DESKTOP-8ETPM1B" name="TestNg_Demo.Basics2" tests="1" failures="0" timestamp="2020-04-17T13:43:46 IST" time="0.009" errors="0">
  <testcase name="student1" time="0.009" classname="TestNg_Demo.Basics2"/>
  <system-out/>
</testsuite> <!-- TestNg_Demo.Basics2 -->
